<?xml version="1.0" encoding="UTF-8"?>
<!-- Generated by org.testng.reporters.JUnitReportReporter -->
<testsuite hostname="SatishKumar" failures="0" tests="3" name="testclass.DemoRunClass" time="103.931" errors="0" timestamp="2022-01-07T10:59:19 IST" skipped="0">
  <testcase classname="testclass.DemoRunClass" name="OpenBrowser" time="19.212"/>
  <system-out/>
  <testcase classname="testclass.DemoRunClass" name="OpenBrowser" time="52.433"/>
  <system-out/>
  <testcase classname="testclass.DemoRunClass" name="OpenBrowser" time="32.286"/>
  <system-out/>
</testsuite> <!-- testclass.DemoRunClass -->
