<?xml version="1.0" encoding="UTF-8"?>
<!-- Generated by org.testng.reporters.JUnitReportReporter -->
<testsuite skipped="0" hostname="SatishKumar" name="testclass.DemoRunClass" tests="3" failures="0" timestamp="2022-01-11T14:42:54 IST" time="233.409" errors="0">
  <testcase name="OpenBrowser" time="67.333" classname="testclass.DemoRunClass"/>
  <system-out/>
  <testcase name="OpenBrowser" time="93.739" classname="testclass.DemoRunClass"/>
  <system-out/>
  <testcase name="OpenBrowser" time="72.337" classname="testclass.DemoRunClass"/>
  <system-out/>
</testsuite> <!-- testclass.DemoRunClass -->
