<?xml version="1.0" encoding="UTF-8"?>
<!-- Generated by org.testng.reporters.JUnitReportReporter -->
<testsuite skipped="0" hostname="SatishKumar" name="testclass.DemoRunClass" tests="1" failures="0" timestamp="2022-01-07T09:32:20 IST" time="77.617" errors="0">
  <testcase name="OpenBrowser" time="77.617" classname="testclass.DemoRunClass"/>
  <system-out/>
</testsuite> <!-- testclass.DemoRunClass -->
