<?xml version="1.0" encoding="UTF-8"?>
<!-- Generated by org.testng.reporters.JUnitReportReporter -->
<testsuite skipped="0" hostname="SatishKumar" name="testclass.DemoRunClass" tests="3" failures="0" timestamp="2022-01-11T12:58:03 IST" time="333.450" errors="0">
  <testcase name="OpenBrowser" time="101.565" classname="testclass.DemoRunClass"/>
  <system-out/>
  <testcase name="OpenBrowser" time="134.924" classname="testclass.DemoRunClass"/>
  <system-out/>
  <testcase name="OpenBrowser" time="96.961" classname="testclass.DemoRunClass"/>
  <system-out/>
</testsuite> <!-- testclass.DemoRunClass -->
