<?xml version="1.0" encoding="UTF-8"?>
<!-- Generated by org.testng.reporters.JUnitReportReporter -->
<testsuite skipped="0" hostname="SatishKumar" name="testclass.DemoRunClass" tests="1" failures="0" timestamp="2022-01-10T11:34:26 IST" time="112.880" errors="0">
  <testcase name="OpenBrowser" time="112.880" classname="testclass.DemoRunClass"/>
  <system-out/>
</testsuite> <!-- testclass.DemoRunClass -->
